<?xml version="1.0" encoding="UTF-8"?>
<!-- Generated by org.testng.reporters.JUnitReportReporter -->
<testsuite hostname="DESKTOP-T6KLQOF" failures="0" tests="1" name="driverFactory.TestScript" time="133.532" errors="0" timestamp="2024-09-23T19:15:37 IST" skipped="0">
  <testcase classname="driverFactory.TestScript" name="startTest" time="133.532">
    <system-out>
      <![CDATA[No of rows are::7
Customer Add Success::Customer-00000010797    Customer-00000010797
Customer Add Success::Customer-00000010798    Customer-00000010798
Customer Add Success::Customer-00000010799    Customer-00000010799
Customer Add Success::Customer-00000010800    Customer-00000010800
Customer Add Success::Customer-00000010801    Customer-00000010801
Customer Add Success::Customer-00000010802    Customer-00000010802
Customer Add Success::Customer-00000010803    Customer-00000010803]]>
    </system-out>
  </testcase> <!-- startTest -->
  <system-out>
    <![CDATA[No of rows are::8
Valid username and password::dashboard    http://webapp.qedgetech.com/dashboard.php
Incorrect user ID or password    dashboard   http://webapp.qedgetech.com/login.php
Valid username and password::dashboard    http://webapp.qedgetech.com/dashboard.php
Incorrect user ID or password    dashboard   http://webapp.qedgetech.com/login.php
Valid username and password::dashboard    http://webapp.qedgetech.com/dashboard.php
Valid username and password::dashboard    http://webapp.qedgetech.com/dashboard.php
Valid username and password::dashboard    http://webapp.qedgetech.com/dashboard.php
Valid username and password::dashboard    http://webapp.qedgetech.com/dashboard.php
No of rows are::7
Customer Add Success::Customer-00000010797    Customer-00000010797
Customer Add Success::Customer-00000010798    Customer-00000010798
Customer Add Success::Customer-00000010799    Customer-00000010799
Customer Add Success::Customer-00000010800    Customer-00000010800
Customer Add Success::Customer-00000010801    Customer-00000010801
Customer Add Success::Customer-00000010802    Customer-00000010802
Customer Add Success::Customer-00000010803    Customer-00000010803]]>
  </system-out>
</testsuite> <!-- driverFactory.TestScript -->
